[debug] [2023-05-02T19:43:37.721Z] ----------------------------------------------------------------------
[debug] [2023-05-02T19:43:37.723Z] Command:       C:\Program Files\nodejs\node.exe C:\Users\pc\AppData\Roaming\npm\node_modules\firebase-tools\lib\bin\firebase.js init
[debug] [2023-05-02T19:43:37.723Z] CLI Version:   11.29.1
[debug] [2023-05-02T19:43:37.724Z] Platform:      win32
[debug] [2023-05-02T19:43:37.724Z] Node Version:  v16.15.1
[debug] [2023-05-02T19:43:37.725Z] Time:          Tue May 02 2023 12:43:37 GMT-0700 (Pacific Daylight Time)
[debug] [2023-05-02T19:43:37.725Z] ----------------------------------------------------------------------
[debug] 
[debug] [2023-05-02T19:43:37.732Z] > command requires scopes: ["email","openid","https://www.googleapis.com/auth/cloudplatformprojects.readonly","https://www.googleapis.com/auth/firebase","https://www.googleapis.com/auth/cloud-platform"]
[debug] [2023-05-02T19:43:37.732Z] > authorizing via signed-in user (davidsanter397@gmail.com)
[info] 
     ######## #### ########  ######## ########     ###     ######  ########
     ##        ##  ##     ## ##       ##     ##  ##   ##  ##       ##
     ######    ##  ########  ######   ########  #########  ######  ######
     ##        ##  ##    ##  ##       ##     ## ##     ##       ## ##
     ##       #### ##     ## ######## ########  ##     ##  ######  ########

You're about to initialize a Firebase project in this directory:

  F:\Portfolio\portfolio

[info] 
=== Project Setup
[info] 
[info] First, let's associate this project directory with a Firebase project.
[info] You can create multiple project aliases by running firebase use --add, 
[info] but for now we'll just set up a default project.
[info] 
[debug] [2023-05-02T19:43:58.113Z] >>> [apiv2][query] GET https://firebase.googleapis.com/v1beta1/projects pageSize=100
[debug] [2023-05-02T19:43:59.682Z] <<< [apiv2][status] GET https://firebase.googleapis.com/v1beta1/projects 200
[debug] [2023-05-02T19:43:59.683Z] <<< [apiv2][body] GET https://firebase.googleapis.com/v1beta1/projects [omitted]
[info] i  Using project my-portfolio-36d1b (my-portfolio) 
[info] 
=== Hosting Setup
[info] 
[info] Your public directory is the folder (relative to your project directory) that
[info] will contain Hosting assets to be uploaded with firebase deploy. If you
[info] have a build process for your assets, use your build's output directory.
[info] 
